<?xml version="1.0" encoding="UTF-8"?>
<testsuite name="libreplan.Libreplan Suite de Test" tests="3" failures="3" errors="0" time="0.195"><properties><property name="java.runtime.name" value="Java(TM) SE Runtime Environment"/><property name="sun.boot.library.path" value="C:\FORMATION\jdk1.8.0_144\jre\bin"/><property name="java.vm.version" value="25.144-b01"/><property name="maven.multiModuleProjectDirectory" value="C:\Users\Formation\Desktop\projet 3\workspaceProjet3\SoapLibrePlan"/><property name="java.vm.vendor" value="Oracle Corporation"/><property name="java.vendor.url" value="http://java.oracle.com/"/><property name="guice.disable.misplaced.annotation.check" value="true"/><property name="path.separator" value=";"/><property name="java.vm.name" value="Java HotSpot(TM) 64-Bit Server VM"/><property name="file.encoding.pkg" value="sun.io"/><property name="user.country" value="FR"/><property name="user.script" value=""/><property name="sun.java.launcher" value="SUN_STANDARD"/><property name="sun.os.patch.level" value=""/><property name="java.vm.specification.name" value="Java Virtual Machine Specification"/><property name="user.dir" value="C:\Users\Formation\Desktop\projet 3\workspaceProjet3\SoapLibrePlan"/><property name="java.runtime.version" value="1.8.0_144-b01"/><property name="java.awt.graphicsenv" value="sun.awt.Win32GraphicsEnvironment"/><property name="java.endorsed.dirs" value="C:\FORMATION\jdk1.8.0_144\jre\lib\endorsed"/><property name="os.arch" value="amd64"/><property name="java.io.tmpdir" value="C:\Users\FORMAT~1\AppData\Local\Temp\"/><property name="line.separator" value="
"/><property name="java.vm.specification.vendor" value="Oracle Corporation"/><property name="user.variant" value=""/><property name="os.name" value="Windows 10"/><property name="classworlds.conf" value="C:\Users\Formation\Desktop\projet 3\workspaceProjet3\.metadata\.plugins\org.eclipse.m2e.launching\launches\m2conf4313643806716158379.tmp"/><property name="sun.jnu.encoding" value="Cp1252"/><property name="java.library.path" value="C:\FORMATION\jdk1.8.0_144\bin;C:\windows\Sun\Java\bin;C:\windows\system32;C:\windows;C:/FORMATION/jdk1.8.0_144/bin/../jre/bin/server;C:/FORMATION/jdk1.8.0_144/bin/../jre/bin;C:/FORMATION/jdk1.8.0_144/bin/../jre/lib/amd64;C:\windows\system32;C:\windows;C:\windows\System32\Wbem;C:\windows\System32\WindowsPowerShell\v1.0\;C:\ProgramData\chocolatey\bin;C:\FORMATION\apache-maven-3.5.0\bin;C:\FORMATION\jdk1.8.0_144\bin;C:\FORMATION\jdk1.7.0_80\bin;C:\Program Files\nodejs\;C:\Program Files\Git\cmd;C:\Users\Formation\AppData\Local\Microsoft\WindowsApps;C:\tools\mysql\current\bin;C:\Program Files\Oracle\VirtualBox;C:\Users\Formation\AppData\Roaming\npm;C:\Program Files\gettext-iconv\bin;C:\Users\Formation\Desktop;;."/><property name="sun.awt.enableExtraMouseButtons" value="true"/><property name="java.specification.name" value="Java Platform API Specification"/><property name="java.class.version" value="52.0"/><property name="sun.management.compiler" value="HotSpot 64-Bit Tiered Compilers"/><property name="os.version" value="10.0"/><property name="user.home" value="C:\Users\Formation"/><property name="user.timezone" value="Europe/Paris"/><property name="java.awt.printerjob" value="sun.awt.windows.WPrinterJob"/><property name="file.encoding" value="Cp1252"/><property name="java.specification.version" value="1.8"/><property name="java.class.path" value="C:\Users\Formation\.p2\pool\plugins\org.eclipse.m2e.maven.runtime_1.8.2.20171007-0216\jars\plexus-classworlds-2.5.2.jar"/><property name="user.name" value="Formation"/><property name="java.vm.specification.version" value="1.8"/><property name="sun.java.command" value="org.codehaus.plexus.classworlds.launcher.Launcher -B install"/><property name="java.home" value="C:\FORMATION\jdk1.8.0_144\jre"/><property name="sun.arch.data.model" value="64"/><property name="user.language" value="fr"/><property name="java.specification.vendor" value="Oracle Corporation"/><property name="awt.toolkit" value="sun.awt.windows.WToolkit"/><property name="java.vm.info" value="mixed mode"/><property name="java.version" value="1.8.0_144"/><property name="java.ext.dirs" value="C:\FORMATION\jdk1.8.0_144\jre\lib\ext;C:\windows\Sun\Java\lib\ext"/><property name="sun.boot.class.path" value="C:\FORMATION\jdk1.8.0_144\jre\lib\resources.jar;C:\FORMATION\jdk1.8.0_144\jre\lib\rt.jar;C:\FORMATION\jdk1.8.0_144\jre\lib\sunrsasign.jar;C:\FORMATION\jdk1.8.0_144\jre\lib\jsse.jar;C:\FORMATION\jdk1.8.0_144\jre\lib\jce.jar;C:\FORMATION\jdk1.8.0_144\jre\lib\charsets.jar;C:\FORMATION\jdk1.8.0_144\jre\lib\jfr.jar;C:\FORMATION\jdk1.8.0_144\jre\classes"/><property name="java.vendor" value="Oracle Corporation"/><property name="maven.home" value="C:\Users\Formation\Desktop\projet 3\workspaceProjet3\SoapLibrePlan\EMBEDDED"/><property name="file.separator" value="\"/><property name="java.vendor.url.bug" value="http://bugreport.sun.com/bugreport/"/><property name="sun.io.unicode.encoding" value="UnicodeLittle"/><property name="sun.cpu.endian" value="little"/><property name="sun.desktop" value="windows"/><property name="sun.cpu.isalist" value="amd64"/></properties><testcase name="Projet" time="0.185"><failure type="Cancelling due to failed test step" message="Cancelling due to failed test step"><![CDATA[<h3><b>Ajouter des projets Failed</b></h3><pre>[Valid HTTP Status Codes] Response status code:404 is not in acceptable list of status codes
</pre><hr/>]]></failure></testcase><testcase name="Calendrier" time="0.005"><failure type="Cancelling due to failed test step" message="Cancelling due to failed test step"><![CDATA[<h3><b>Ajouter des calendriers Failed</b></h3><pre>[Valid HTTP Status Codes] Response status code:404 is not in acceptable list of status codes
</pre><hr/>]]></failure></testcase><testcase name="Ressource" time="0.005"><failure type="Cancelling due to failed test step" message="Cancelling due to failed test step"><![CDATA[<h3><b>Ajouter des ressources Failed</b></h3><pre>[Valid HTTP Status Codes] Response status code:404 is not in acceptable list of status codes
</pre><hr/>]]></failure></testcase></testsuite>